<?xml version="1.0" encoding="UTF-8"?>
<!-- Generated by org.testng.reporters.JUnitReportReporter -->
<testsuite hostname="Ali-Murtaza-G7" failures="0" tests="2" name="TestsPackage.LoginTests" time="13.104" errors="0" timestamp="2024-12-16T01:03:17 PKT" skipped="0">
  <testcase classname="TestsPackage.LoginTests" name="validLoginTest" time="8.837"/>
  <testcase classname="TestsPackage.LoginTests" name="invalidLoginTest" time="4.267"/>
</testsuite> <!-- TestsPackage.LoginTests -->
